Using pre-set license
Built from '2021.2/staging' branch; Version is '2021.2.4f1 (99ba6aa4c552) revision 10074730'; Using compiler version '192829333'; Build Type 'Release'
OS: 'Windows 10 Home; OS build 19044.1415; Version 2009; 64bit' Language: 'en' Physical Memory: 16276 MB
BatchMode: 1, IsHumanControllingUs: 0, StartBugReporterOnCrash: 0, Is64bit: 1, IsPro: 0

COMMAND LINE ARGUMENTS:
C:\Program Files\Unity\Hub\Editor\2021.2.4f1\Editor\Unity.exe
-adb2
-batchMode
-noUpm
-name
AssetImportWorker0
-projectPath
C:/Programming/FreyaShaderClass
-logFile
Logs/AssetImportWorker0.log
-srvPort
49884
Successfully changed project path to: C:/Programming/FreyaShaderClass
C:/Programming/FreyaShaderClass
[UnityMemory] Configuration Parameters - Can be set up in boot.config
    "memorysetup-bucket-allocator-granularity=16"
    "memorysetup-bucket-allocator-bucket-count=8"
    "memorysetup-bucket-allocator-block-size=33554432"
    "memorysetup-bucket-allocator-block-count=8"
    "memorysetup-main-allocator-block-size=16777216"
    "memorysetup-thread-allocator-block-size=16777216"
    "memorysetup-gfx-main-allocator-block-size=16777216"
    "memorysetup-gfx-thread-allocator-block-size=16777216"
    "memorysetup-cache-allocator-block-size=4194304"
    "memorysetup-typetree-allocator-block-size=2097152"
    "memorysetup-profiler-bucket-allocator-granularity=16"
    "memorysetup-profiler-bucket-allocator-bucket-count=8"
    "memorysetup-profiler-bucket-allocator-block-size=33554432"
    "memorysetup-profiler-bucket-allocator-block-count=8"
    "memorysetup-profiler-allocator-block-size=16777216"
    "memorysetup-profiler-editor-allocator-block-size=1048576"
    "memorysetup-temp-allocator-size-main=16777216"
    "memorysetup-job-temp-allocator-block-size=2097152"
    "memorysetup-job-temp-allocator-block-size-background=1048576"
    "memorysetup-job-temp-allocator-reduction-small-platforms=262144"
    "memorysetup-temp-allocator-size-background-worker=32768"
    "memorysetup-temp-allocator-size-job-worker=262144"
    "memorysetup-temp-allocator-size-preload-manager=33554432"
    "memorysetup-temp-allocator-size-nav-mesh-worker=65536"
    "memorysetup-temp-allocator-size-audio-worker=65536"
    "memorysetup-temp-allocator-size-cloud-worker=32768"
    "memorysetup-temp-allocator-size-gi-baking-worker=262144"
    "memorysetup-temp-allocator-size-gfx=262144"
Refreshing native plugins compatible for Editor in 55.76 ms, found 3 plugins.
Preloading 0 native plugins for Editor in 0.00 ms.
Initialize engine version: 2021.2.4f1 (99ba6aa4c552)
[Subsystems] Discovering subsystems at path C:/Program Files/Unity/Hub/Editor/2021.2.4f1/Editor/Data/Resources/UnitySubsystems
[Subsystems] Discovering subsystems at path C:/Programming/FreyaShaderClass/Assets
GfxDevice: creating device client; threaded=0; jobified=0
Direct3D:
    Version:  Direct3D 11.0 [level 11.1]
    Renderer: NVIDIA GeForce RTX 3070 (ID=0x2484)
    Vendor:   NVIDIA
    VRAM:     8043 MB
    Driver:   30.0.14.9729
Initialize mono
Mono path[0] = 'C:/Program Files/Unity/Hub/Editor/2021.2.4f1/Editor/Data/Managed'
Mono path[1] = 'C:/Program Files/Unity/Hub/Editor/2021.2.4f1/Editor/Data/MonoBleedingEdge/lib/mono/unityjit-win32'
Mono config path = 'C:/Program Files/Unity/Hub/Editor/2021.2.4f1/Editor/Data/MonoBleedingEdge/etc'
Using monoOptions --debugger-agent=transport=dt_socket,embedding=1,server=y,suspend=n,address=127.0.0.1:56340
Begin MonoManager ReloadAssembly
Registering precompiled unity dll's ...
Register platform support module: C:/Program Files/Unity/Hub/Editor/2021.2.4f1/Editor/Data/PlaybackEngines/WindowsStandaloneSupport/UnityEditor.WindowsStandalone.Extensions.dll
Registered in 0.007727 seconds.
Native extension for WindowsStandalone target not found
Refreshing native plugins compatible for Editor in 54.16 ms, found 3 plugins.
Preloading 0 native plugins for Editor in 0.00 ms.
Mono: successfully reloaded assembly
- Completed reload, in  0.448 seconds
Domain Reload Profiling:
	ReloadAssembly (448ms)
		BeginReloadAssembly (63ms)
			ExecutionOrderSort (0ms)
			DisableScriptedObjects (0ms)
			BackupInstance (0ms)
			ReleaseScriptingObjects (0ms)
			CreateAndSetChildDomain (1ms)
		EndReloadAssembly (324ms)
			LoadAssemblies (60ms)
			RebuildTransferFunctionScriptingTraits (0ms)
			SetupTypeCache (65ms)
			ReleaseScriptCaches (0ms)
			RebuildScriptCaches (18ms)
			SetupLoadedEditorAssemblies (202ms)
				LogAssemblyErrors (0ms)
				InitializePlatformSupportModulesInManaged (12ms)
				SetLoadedEditorAssemblies (0ms)
				RefreshPlugins (54ms)
				BeforeProcessingInitializeOnLoad (1ms)
				ProcessInitializeOnLoadAttributes (101ms)
				ProcessInitializeOnLoadMethodAttributes (33ms)
				AfterProcessingInitializeOnLoad (0ms)
				EditorAssembliesLoaded (0ms)
			ExecutionOrderSort2 (0ms)
			AwakeInstancesAfterBackupRestoration (0ms)
Platform modules already initialized, skipping
Registering precompiled user dll's ...
Registered in 0.005730 seconds.
Begin MonoManager ReloadAssembly
Symbol file LoadedFromMemory doesn't match image C:\Programming\FreyaShaderClass\Library\PackageCache\com.unity.visualscripting@1.7.5\Editor\VisualScripting.Core\Dependencies\YamlDotNet\Unity.VisualScripting.YamlDotNet.dll
Symbol file LoadedFromMemory doesn't match image C:\Programming\FreyaShaderClass\Library\PackageCache\com.unity.visualscripting@1.7.5\Editor\VisualScripting.Core\Dependencies\DotNetZip\Unity.VisualScripting.IonicZip.dll
Native extension for WindowsStandalone target not found
Refreshing native plugins compatible for Editor in 0.53 ms, found 3 plugins.
Preloading 0 native plugins for Editor in 0.00 ms.
Mono: successfully reloaded assembly
- Completed reload, in  0.780 seconds
Domain Reload Profiling:
	ReloadAssembly (780ms)
		BeginReloadAssembly (123ms)
			ExecutionOrderSort (0ms)
			DisableScriptedObjects (5ms)
			BackupInstance (0ms)
			ReleaseScriptingObjects (0ms)
			CreateAndSetChildDomain (15ms)
		EndReloadAssembly (586ms)
			LoadAssemblies (63ms)
			RebuildTransferFunctionScriptingTraits (0ms)
			SetupTypeCache (174ms)
			ReleaseScriptCaches (1ms)
			RebuildScriptCaches (31ms)
			SetupLoadedEditorAssemblies (258ms)
				LogAssemblyErrors (0ms)
				InitializePlatformSupportModulesInManaged (9ms)
				SetLoadedEditorAssemblies (0ms)
				RefreshPlugins (1ms)
				BeforeProcessingInitializeOnLoad (61ms)
				ProcessInitializeOnLoadAttributes (163ms)
				ProcessInitializeOnLoadMethodAttributes (16ms)
				AfterProcessingInitializeOnLoad (8ms)
				EditorAssembliesLoaded (0ms)
			ExecutionOrderSort2 (0ms)
			AwakeInstancesAfterBackupRestoration (6ms)
Platform modules already initialized, skipping
========================================================================
Worker process is ready to serve import requests
Launched and connected shader compiler UnityShaderCompiler.exe after 0.04 seconds
Refreshing native plugins compatible for Editor in 0.77 ms, found 3 plugins.
Preloading 0 native plugins for Editor in 0.00 ms.
Unloading 3212 Unused Serialized files (Serialized files now loaded: 0)
Unloading 26 unused Assets / (111.9 KB). Loaded Objects now: 3668.
Memory consumption went from 114.6 MB to 114.5 MB.
Total: 2.381900 ms (FindLiveObjects: 0.199900 ms CreateObjectMapping: 0.071900 ms MarkObjects: 2.038900 ms  DeleteObjects: 0.070600 ms)

AssetImportParameters requested are different than current active one (requested -> active):
  custom:video-decoder-ogg-theora: a1e56fd34408186e4bbccfd4996cb3dc -> 
  custom:container-muxer-webm: aa71ff27fc2769a1b78a27578f13a17b -> 
  custom:container-demuxer-webm: 4f35f7cbe854078d1ac9338744f61a02 -> 
  custom:video-encoder-webm-vp8: eb34c28f22e8b96e1ab97ce403110664 -> 
  custom:video-codec-MediaFoundation-h265: 746d11721c4dcdbdad8f713fa42b33f4 -> 
  custom:audio-encoder-webm-vorbis: bf7c407c2cedff20999df2af8eb42d56 -> 
  custom:framework-win-MediaFoundation: 216162199b28c13a410421893ffa2e32 -> 
  custom:container-demuxer-ogg: 62fdf1f143b41e24485cea50d1cbac27 -> 
  custom:video-decoder-webm-vp8: 9c59270c3fd7afecdb556c50c9e8de78 -> 
  custom:audio-decoder-ogg-vorbis: bf7c407c2cedff20999df2af8eb42d56 -> 
========================================================================
Received Prepare
Registering precompiled user dll's ...
Registered in 0.004781 seconds.
Begin MonoManager ReloadAssembly
Symbol file LoadedFromMemory doesn't match image C:\Programming\FreyaShaderClass\Library\PackageCache\com.unity.visualscripting@1.7.5\Editor\VisualScripting.Core\Dependencies\YamlDotNet\Unity.VisualScripting.YamlDotNet.dll
Symbol file LoadedFromMemory doesn't match image C:\Programming\FreyaShaderClass\Library\PackageCache\com.unity.visualscripting@1.7.5\Editor\VisualScripting.Core\Dependencies\DotNetZip\Unity.VisualScripting.IonicZip.dll
Native extension for WindowsStandalone target not found
Refreshing native plugins compatible for Editor in 0.55 ms, found 3 plugins.
Preloading 0 native plugins for Editor in 0.00 ms.
Mono: successfully reloaded assembly
- Completed reload, in  0.745 seconds
Domain Reload Profiling:
	ReloadAssembly (745ms)
		BeginReloadAssembly (114ms)
			ExecutionOrderSort (0ms)
			DisableScriptedObjects (4ms)
			BackupInstance (0ms)
			ReleaseScriptingObjects (0ms)
			CreateAndSetChildDomain (29ms)
		EndReloadAssembly (548ms)
			LoadAssemblies (67ms)
			RebuildTransferFunctionScriptingTraits (0ms)
			SetupTypeCache (177ms)
			ReleaseScriptCaches (1ms)
			RebuildScriptCaches (26ms)
			SetupLoadedEditorAssemblies (224ms)
				LogAssemblyErrors (0ms)
				InitializePlatformSupportModulesInManaged (9ms)
				SetLoadedEditorAssemblies (0ms)
				RefreshPlugins (1ms)
				BeforeProcessingInitializeOnLoad (48ms)
				ProcessInitializeOnLoadAttributes (142ms)
				ProcessInitializeOnLoadMethodAttributes (16ms)
				AfterProcessingInitializeOnLoad (8ms)
				EditorAssembliesLoaded (0ms)
			ExecutionOrderSort2 (0ms)
			AwakeInstancesAfterBackupRestoration (5ms)
Platform modules already initialized, skipping
Refreshing native plugins compatible for Editor in 0.47 ms, found 3 plugins.
Preloading 0 native plugins for Editor in 0.00 ms.
Unloading 3206 Unused Serialized files (Serialized files now loaded: 0)
Unloading 21 unused Assets / (78.8 KB). Loaded Objects now: 3670.
Memory consumption went from 114.4 MB to 114.3 MB.
Total: 2.556700 ms (FindLiveObjects: 0.240100 ms CreateObjectMapping: 0.140200 ms MarkObjects: 2.113400 ms  DeleteObjects: 0.062200 ms)

AssetImportParameters requested are different than current active one (requested -> active):
  custom:video-decoder-ogg-theora: a1e56fd34408186e4bbccfd4996cb3dc -> 
  custom:container-muxer-webm: aa71ff27fc2769a1b78a27578f13a17b -> 
  custom:container-demuxer-webm: 4f35f7cbe854078d1ac9338744f61a02 -> 
  custom:video-encoder-webm-vp8: eb34c28f22e8b96e1ab97ce403110664 -> 
  custom:video-codec-MediaFoundation-h265: 746d11721c4dcdbdad8f713fa42b33f4 -> 
  custom:audio-encoder-webm-vorbis: bf7c407c2cedff20999df2af8eb42d56 -> 
  custom:framework-win-MediaFoundation: 216162199b28c13a410421893ffa2e32 -> 
  custom:container-demuxer-ogg: 62fdf1f143b41e24485cea50d1cbac27 -> 
  custom:video-decoder-webm-vp8: 9c59270c3fd7afecdb556c50c9e8de78 -> 
  custom:audio-decoder-ogg-vorbis: bf7c407c2cedff20999df2af8eb42d56 -> 
========================================================================
Received Prepare
Registering precompiled user dll's ...
Registered in 0.005025 seconds.
Begin MonoManager ReloadAssembly
Symbol file LoadedFromMemory doesn't match image C:\Programming\FreyaShaderClass\Library\PackageCache\com.unity.visualscripting@1.7.5\Editor\VisualScripting.Core\Dependencies\YamlDotNet\Unity.VisualScripting.YamlDotNet.dll
Symbol file LoadedFromMemory doesn't match image C:\Programming\FreyaShaderClass\Library\PackageCache\com.unity.visualscripting@1.7.5\Editor\VisualScripting.Core\Dependencies\DotNetZip\Unity.VisualScripting.IonicZip.dll
Native extension for WindowsStandalone target not found
Refreshing native plugins compatible for Editor in 0.58 ms, found 3 plugins.
Preloading 0 native plugins for Editor in 0.00 ms.
Mono: successfully reloaded assembly
- Completed reload, in  0.728 seconds
Domain Reload Profiling:
	ReloadAssembly (728ms)
		BeginReloadAssembly (110ms)
			ExecutionOrderSort (0ms)
			DisableScriptedObjects (4ms)
			BackupInstance (0ms)
			ReleaseScriptingObjects (0ms)
			CreateAndSetChildDomain (29ms)
		EndReloadAssembly (546ms)
			LoadAssemblies (61ms)
			RebuildTransferFunctionScriptingTraits (0ms)
			SetupTypeCache (159ms)
			ReleaseScriptCaches (1ms)
			RebuildScriptCaches (26ms)
			SetupLoadedEditorAssemblies (230ms)
				LogAssemblyErrors (0ms)
				InitializePlatformSupportModulesInManaged (9ms)
				SetLoadedEditorAssemblies (0ms)
				RefreshPlugins (1ms)
				BeforeProcessingInitializeOnLoad (52ms)
				ProcessInitializeOnLoadAttributes (144ms)
				ProcessInitializeOnLoadMethodAttributes (16ms)
				AfterProcessingInitializeOnLoad (8ms)
				EditorAssembliesLoaded (0ms)
			ExecutionOrderSort2 (0ms)
			AwakeInstancesAfterBackupRestoration (5ms)
Platform modules already initialized, skipping
Refreshing native plugins compatible for Editor in 0.45 ms, found 3 plugins.
Preloading 0 native plugins for Editor in 0.00 ms.
Unloading 3206 Unused Serialized files (Serialized files now loaded: 0)
Unloading 21 unused Assets / (78.8 KB). Loaded Objects now: 3672.
Memory consumption went from 114.4 MB to 114.3 MB.
Total: 2.306100 ms (FindLiveObjects: 0.209800 ms CreateObjectMapping: 0.090700 ms MarkObjects: 1.950000 ms  DeleteObjects: 0.055000 ms)

AssetImportParameters requested are different than current active one (requested -> active):
  custom:video-decoder-ogg-theora: a1e56fd34408186e4bbccfd4996cb3dc -> 
  custom:container-muxer-webm: aa71ff27fc2769a1b78a27578f13a17b -> 
  custom:container-demuxer-webm: 4f35f7cbe854078d1ac9338744f61a02 -> 
  custom:video-encoder-webm-vp8: eb34c28f22e8b96e1ab97ce403110664 -> 
  custom:video-codec-MediaFoundation-h265: 746d11721c4dcdbdad8f713fa42b33f4 -> 
  custom:audio-encoder-webm-vorbis: bf7c407c2cedff20999df2af8eb42d56 -> 
  custom:framework-win-MediaFoundation: 216162199b28c13a410421893ffa2e32 -> 
  custom:container-demuxer-ogg: 62fdf1f143b41e24485cea50d1cbac27 -> 
  custom:video-decoder-webm-vp8: 9c59270c3fd7afecdb556c50c9e8de78 -> 
  custom:audio-decoder-ogg-vorbis: bf7c407c2cedff20999df2af8eb42d56 -> 
========================================================================
Received Prepare
Registering precompiled user dll's ...
Registered in 0.005490 seconds.
Begin MonoManager ReloadAssembly
Symbol file LoadedFromMemory doesn't match image C:\Programming\FreyaShaderClass\Library\PackageCache\com.unity.visualscripting@1.7.5\Editor\VisualScripting.Core\Dependencies\YamlDotNet\Unity.VisualScripting.YamlDotNet.dll
Symbol file LoadedFromMemory doesn't match image C:\Programming\FreyaShaderClass\Library\PackageCache\com.unity.visualscripting@1.7.5\Editor\VisualScripting.Core\Dependencies\DotNetZip\Unity.VisualScripting.IonicZip.dll
Native extension for WindowsStandalone target not found
Refreshing native plugins compatible for Editor in 0.47 ms, found 3 plugins.
Preloading 0 native plugins for Editor in 0.00 ms.
Mono: successfully reloaded assembly
- Completed reload, in  0.729 seconds
Domain Reload Profiling:
	ReloadAssembly (729ms)
		BeginReloadAssembly (115ms)
			ExecutionOrderSort (0ms)
			DisableScriptedObjects (4ms)
			BackupInstance (0ms)
			ReleaseScriptingObjects (0ms)
			CreateAndSetChildDomain (27ms)
		EndReloadAssembly (541ms)
			LoadAssemblies (58ms)
			RebuildTransferFunctionScriptingTraits (0ms)
			SetupTypeCache (161ms)
			ReleaseScriptCaches (1ms)
			RebuildScriptCaches (27ms)
			SetupLoadedEditorAssemblies (229ms)
				LogAssemblyErrors (0ms)
				InitializePlatformSupportModulesInManaged (9ms)
				SetLoadedEditorAssemblies (0ms)
				RefreshPlugins (1ms)
				BeforeProcessingInitializeOnLoad (49ms)
				ProcessInitializeOnLoadAttributes (147ms)
				ProcessInitializeOnLoadMethodAttributes (16ms)
				AfterProcessingInitializeOnLoad (8ms)
				EditorAssembliesLoaded (0ms)
			ExecutionOrderSort2 (0ms)
			AwakeInstancesAfterBackupRestoration (5ms)
Platform modules already initialized, skipping
Refreshing native plugins compatible for Editor in 0.46 ms, found 3 plugins.
Preloading 0 native plugins for Editor in 0.00 ms.
Unloading 3206 Unused Serialized files (Serialized files now loaded: 0)
Unloading 21 unused Assets / (79.0 KB). Loaded Objects now: 3674.
Memory consumption went from 114.4 MB to 114.3 MB.
Total: 2.288100 ms (FindLiveObjects: 0.205300 ms CreateObjectMapping: 0.067900 ms MarkObjects: 1.965000 ms  DeleteObjects: 0.049400 ms)

AssetImportParameters requested are different than current active one (requested -> active):
  custom:video-decoder-ogg-theora: a1e56fd34408186e4bbccfd4996cb3dc -> 
  custom:container-muxer-webm: aa71ff27fc2769a1b78a27578f13a17b -> 
  custom:container-demuxer-webm: 4f35f7cbe854078d1ac9338744f61a02 -> 
  custom:video-encoder-webm-vp8: eb34c28f22e8b96e1ab97ce403110664 -> 
  custom:video-codec-MediaFoundation-h265: 746d11721c4dcdbdad8f713fa42b33f4 -> 
  custom:audio-encoder-webm-vorbis: bf7c407c2cedff20999df2af8eb42d56 -> 
  custom:framework-win-MediaFoundation: 216162199b28c13a410421893ffa2e32 -> 
  custom:container-demuxer-ogg: 62fdf1f143b41e24485cea50d1cbac27 -> 
  custom:video-decoder-webm-vp8: 9c59270c3fd7afecdb556c50c9e8de78 -> 
  custom:audio-decoder-ogg-vorbis: bf7c407c2cedff20999df2af8eb42d56 -> 
========================================================================
Received Import Request.
  Time since last request: 3059.236920 seconds.
  path: Assets/Textures
  artifactKey: Guid(4a56c15d3cb3ddd409918d4d82b7c807) Importer(815301076,1909f56bfc062723c751e8b465ee728b)
Start importing Assets/Textures using Guid(4a56c15d3cb3ddd409918d4d82b7c807) Importer(815301076,1909f56bfc062723c751e8b465ee728b)  -> (artifact id: 'f696ee394c44ff0818865de53a0bce63') in 0.008806 seconds 
========================================================================
Received Import Request.
  Time since last request: 3.032447 seconds.
  path: Assets/Downloads
  artifactKey: Guid(8d07b06ee01f22e4fa8b40d02845e930) Importer(815301076,1909f56bfc062723c751e8b465ee728b)
Start importing Assets/Downloads using Guid(8d07b06ee01f22e4fa8b40d02845e930) Importer(815301076,1909f56bfc062723c751e8b465ee728b)  -> (artifact id: '9ed91c5fc902889fd2e04bb6008d36ff') in 0.005273 seconds 
========================================================================
Received Import Request.
  Time since last request: 16.611750 seconds.
  path: Assets/NewUnlitShader.shader
  artifactKey: Guid(8538bceba364d6441b855669f36e5014) Importer(815301076,1909f56bfc062723c751e8b465ee728b)
Start importing Assets/NewUnlitShader.shader using Guid(8538bceba364d6441b855669f36e5014) Importer(815301076,1909f56bfc062723c751e8b465ee728b)  -> (artifact id: '926141ffc46fbd5486e8c6ec2c1bc066') in 0.025493 seconds 
========================================================================
Received Import Request.
  Time since last request: 10.714274 seconds.
  path: Assets/BasicShader.shader
  artifactKey: Guid(9dd6ce7a499bb614bac08d62261ea8f0) Importer(815301076,1909f56bfc062723c751e8b465ee728b)
Start importing Assets/BasicShader.shader using Guid(9dd6ce7a499bb614bac08d62261ea8f0) Importer(815301076,1909f56bfc062723c751e8b465ee728b)  -> (artifact id: '4564d198d4514c361f1a8aaab966b255') in 0.006161 seconds 
========================================================================
Received Import Request.
  Time since last request: 27.222069 seconds.
  path: Assets/BasicShader.shader
  artifactKey: Guid(9dd6ce7a499bb614bac08d62261ea8f0) Importer(815301076,1909f56bfc062723c751e8b465ee728b)
Start importing Assets/BasicShader.shader using Guid(9dd6ce7a499bb614bac08d62261ea8f0) Importer(815301076,1909f56bfc062723c751e8b465ee728b)  -> (artifact id: '1c620e1d996000a1e21749b1e27bc834') in 0.004102 seconds 
========================================================================
Received Import Request.
  Time since last request: 92.615301 seconds.
  path: Assets/Blinking2ColorShader.shader
  artifactKey: Guid(8538bceba364d6441b855669f36e5014) Importer(815301076,1909f56bfc062723c751e8b465ee728b)
Start importing Assets/Blinking2ColorShader.shader using Guid(8538bceba364d6441b855669f36e5014) Importer(815301076,1909f56bfc062723c751e8b465ee728b)  -> (artifact id: 'd6efe0b6f0540f94e5903ace2bb1f4d7') in 0.005998 seconds 
========================================================================
Received Import Request.
  Time since last request: 32.643486 seconds.
  path: Assets/BasicShader 1.shader
  artifactKey: Guid(9519ceb9ea1a69643b0acefd2b41142a) Importer(815301076,1909f56bfc062723c751e8b465ee728b)
Start importing Assets/BasicShader 1.shader using Guid(9519ceb9ea1a69643b0acefd2b41142a) Importer(815301076,1909f56bfc062723c751e8b465ee728b)  -> (artifact id: '9c1ba38a698621b4fb011635a0f1f471') in 0.006037 seconds 
========================================================================
Received Import Request.
  Time since last request: 17.334592 seconds.
  path: Assets/Blinking2ColorShader.shader
  artifactKey: Guid(9519ceb9ea1a69643b0acefd2b41142a) Importer(815301076,1909f56bfc062723c751e8b465ee728b)
Start importing Assets/Blinking2ColorShader.shader using Guid(9519ceb9ea1a69643b0acefd2b41142a) Importer(815301076,1909f56bfc062723c751e8b465ee728b)  -> (artifact id: 'c1794b38c888d25acaabf55a911f4476') in 0.004595 seconds 
========================================================================
Received Import Request.
  Time since last request: 248.967845 seconds.
  path: Assets/Blinking2ColorShader.shader
  artifactKey: Guid(9519ceb9ea1a69643b0acefd2b41142a) Importer(815301076,1909f56bfc062723c751e8b465ee728b)
Start importing Assets/Blinking2ColorShader.shader using Guid(9519ceb9ea1a69643b0acefd2b41142a) Importer(815301076,1909f56bfc062723c751e8b465ee728b)  -> (artifact id: 'c47bb64b7faf15c05ee6e0c4f29ceb2a') in 0.004733 seconds 
========================================================================
Received Import Request.
  Time since last request: 365.403901 seconds.
  path: Assets/NewUnlitShader.shader
  artifactKey: Guid(6225e8d4751417248953b4eaf07c83c0) Importer(815301076,1909f56bfc062723c751e8b465ee728b)
Start importing Assets/NewUnlitShader.shader using Guid(6225e8d4751417248953b4eaf07c83c0) Importer(815301076,1909f56bfc062723c751e8b465ee728b)  -> (artifact id: 'c0c2fe6ff7b87f36dd4249604f4b80a2') in 0.002298 seconds 
========================================================================
Received Import Request.
  Time since last request: 825.684337 seconds.
  path: Assets/NewUnlitShader.shader
  artifactKey: Guid(6225e8d4751417248953b4eaf07c83c0) Importer(815301076,1909f56bfc062723c751e8b465ee728b)
Start importing Assets/NewUnlitShader.shader using Guid(6225e8d4751417248953b4eaf07c83c0) Importer(815301076,1909f56bfc062723c751e8b465ee728b)  -> (artifact id: 'ff183876df274d33a5d9926f741c9639') in 0.002311 seconds 
========================================================================
Received Import Request.
  Time since last request: 25.048207 seconds.
  path: Assets/TwoColorBlinkingShader.shader
  artifactKey: Guid(6225e8d4751417248953b4eaf07c83c0) Importer(815301076,1909f56bfc062723c751e8b465ee728b)
Start importing Assets/TwoColorBlinkingShader.shader using Guid(6225e8d4751417248953b4eaf07c83c0) Importer(815301076,1909f56bfc062723c751e8b465ee728b)  -> (artifact id: 'a688f43cdc3528345ace465d5b738cb5') in 0.006303 seconds 
========================================================================
Received Import Request.
  Time since last request: 477.940502 seconds.
  path: Assets/TwoColorBlinkingShader.shader
  artifactKey: Guid(6225e8d4751417248953b4eaf07c83c0) Importer(815301076,1909f56bfc062723c751e8b465ee728b)
Start importing Assets/TwoColorBlinkingShader.shader using Guid(6225e8d4751417248953b4eaf07c83c0) Importer(815301076,1909f56bfc062723c751e8b465ee728b)  -> (artifact id: '37fa06c19f5bbc406859ec6b336e71f0') in 0.002310 seconds 
========================================================================
Received Import Request.
  Time since last request: 1303.435977 seconds.
  path: Assets/Blinking2ColorShader.shader
  artifactKey: Guid(9519ceb9ea1a69643b0acefd2b41142a) Importer(815301076,1909f56bfc062723c751e8b465ee728b)
Start importing Assets/Blinking2ColorShader.shader using Guid(9519ceb9ea1a69643b0acefd2b41142a) Importer(815301076,1909f56bfc062723c751e8b465ee728b)  -> (artifact id: '613dc798766294b943b0014a088d339b') in 0.002263 seconds 
========================================================================
Received Import Request.
  Time since last request: 7.332591 seconds.
  path: Assets/TwoColorBlinkingShader.shader
  artifactKey: Guid(6225e8d4751417248953b4eaf07c83c0) Importer(815301076,1909f56bfc062723c751e8b465ee728b)
Start importing Assets/TwoColorBlinkingShader.shader using Guid(6225e8d4751417248953b4eaf07c83c0) Importer(815301076,1909f56bfc062723c751e8b465ee728b)  -> (artifact id: '8b6929e03042d8033712c135815ca76c') in 0.004599 seconds 
========================================================================
Received Import Request.
  Time since last request: 20.470308 seconds.
  path: Assets/TwoColorBlinkingShader 1.shader
  artifactKey: Guid(9797932aee311ab4bafe42ebf4eda60b) Importer(815301076,1909f56bfc062723c751e8b465ee728b)
Start importing Assets/TwoColorBlinkingShader 1.shader using Guid(9797932aee311ab4bafe42ebf4eda60b) Importer(815301076,1909f56bfc062723c751e8b465ee728b)  -> (artifact id: 'ec0b06189148463f6d62ce5a416515de') in 0.006137 seconds 
========================================================================
Received Import Request.
  Time since last request: 14.216586 seconds.
  path: Assets/SnowOnTopShader.shader
  artifactKey: Guid(9797932aee311ab4bafe42ebf4eda60b) Importer(815301076,1909f56bfc062723c751e8b465ee728b)
Start importing Assets/SnowOnTopShader.shader using Guid(9797932aee311ab4bafe42ebf4eda60b) Importer(815301076,1909f56bfc062723c751e8b465ee728b)  -> (artifact id: 'db590baf1779b45fb69a6f5c295b9af0') in 0.006397 seconds 
========================================================================
Received Import Request.
  Time since last request: 24.382999 seconds.
  path: Assets/SnowcappedTopsShader.shader
  artifactKey: Guid(9797932aee311ab4bafe42ebf4eda60b) Importer(815301076,1909f56bfc062723c751e8b465ee728b)
Start importing Assets/SnowcappedTopsShader.shader using Guid(9797932aee311ab4bafe42ebf4eda60b) Importer(815301076,1909f56bfc062723c751e8b465ee728b)  -> (artifact id: 'c1c4903dcd1e7a09b583c30e8d1e1fec') in 0.005900 seconds 
========================================================================
Received Import Request.
  Time since last request: 873.113068 seconds.
  path: Assets/Downloads/Rocks (by Manufactura K4)/Models/Rock1.fbx
  artifactKey: Guid(dfb9706df9ac8264ebf1e58976096256) Importer(815301076,1909f56bfc062723c751e8b465ee728b)
Start importing Assets/Downloads/Rocks (by Manufactura K4)/Models/Rock1.fbx using Guid(dfb9706df9ac8264ebf1e58976096256) Importer(815301076,1909f56bfc062723c751e8b465ee728b)  -> (artifact id: 'ad572cb62b66335170246c120917b571') in 0.189453 seconds 
========================================================================
Received Import Request.
  Time since last request: 1.508591 seconds.
  path: Assets/Downloads/Rocks (by Manufactura K4)/Models/Rock2.fbx
  artifactKey: Guid(d11d8096e6b14aa43aa74d862d2d01f7) Importer(815301076,1909f56bfc062723c751e8b465ee728b)
Start importing Assets/Downloads/Rocks (by Manufactura K4)/Models/Rock2.fbx using Guid(d11d8096e6b14aa43aa74d862d2d01f7) Importer(815301076,1909f56bfc062723c751e8b465ee728b)  -> (artifact id: 'c51ff32bab373dca8eeabea8c8c8f8d5') in 0.011691 seconds 
========================================================================
Received Import Request.
  Time since last request: 1.298173 seconds.
  path: Assets/Downloads/Rocks (by Manufactura K4)/Models/Rock3.fbx
  artifactKey: Guid(19ada405e483e2e42b3568b712163648) Importer(815301076,1909f56bfc062723c751e8b465ee728b)
Start importing Assets/Downloads/Rocks (by Manufactura K4)/Models/Rock3.fbx using Guid(19ada405e483e2e42b3568b712163648) Importer(815301076,1909f56bfc062723c751e8b465ee728b)  -> (artifact id: '026800c17bc1c314f97208f25c3a39fe') in 0.011714 seconds 
========================================================================
Received Import Request.
  Time since last request: 1.932435 seconds.
  path: Assets/Downloads/Rocks (by Manufactura K4)/Models/Rock4.fbx
  artifactKey: Guid(415a1cc574249824c902b084a5dc6096) Importer(815301076,1909f56bfc062723c751e8b465ee728b)
Start importing Assets/Downloads/Rocks (by Manufactura K4)/Models/Rock4.fbx using Guid(415a1cc574249824c902b084a5dc6096) Importer(815301076,1909f56bfc062723c751e8b465ee728b)  -> (artifact id: '1ba9e95015a2197053eeb6e7a296bd88') in 0.014400 seconds 
========================================================================
Received Import Request.
  Time since last request: 113.114712 seconds.
  path: Assets/Downloads/Rocks (by Manufactura K4)/Textures/Rock1.tif
  artifactKey: Guid(d0692a948ca573d4cb0b93ffb1c8a033) Importer(815301076,1909f56bfc062723c751e8b465ee728b)
Start importing Assets/Downloads/Rocks (by Manufactura K4)/Textures/Rock1.tif using Guid(d0692a948ca573d4cb0b93ffb1c8a033) Importer(815301076,1909f56bfc062723c751e8b465ee728b)  -> (artifact id: 'e7116872a40e9fdaa2d6526e9c918681') in 0.026573 seconds 
========================================================================
Received Import Request.
  Time since last request: 6111.681970 seconds.
  path: Assets/BasicShader.shader
  artifactKey: Guid(9dd6ce7a499bb614bac08d62261ea8f0) Importer(2089858483,934ff659095e30574adcf32a4c2f97b5)
Start importing Assets/BasicShader.shader using Guid(9dd6ce7a499bb614bac08d62261ea8f0) Importer(2089858483,934ff659095e30574adcf32a4c2f97b5) Generated GUIDs only implemented for interfaces!
 -> (artifact id: '3b4d211802fdf226f46d29dc9de6ab28') in 0.096345 seconds 
========================================================================
Received Import Request.
  Time since last request: 0.000053 seconds.
  path: Assets/Downloads/Bushes (by Yughues)/Meshes/Bush01.FBX
  artifactKey: Guid(c93a5fb30f5956343a31433f79f362af) Importer(2089858483,934ff659095e30574adcf32a4c2f97b5)
Start importing Assets/Downloads/Bushes (by Yughues)/Meshes/Bush01.FBX using Guid(c93a5fb30f5956343a31433f79f362af) Importer(2089858483,934ff659095e30574adcf32a4c2f97b5) Generated GUIDs only implemented for interfaces!
 -> (artifact id: '91c28d9c7d547295ee954bcd5414852b') in 0.022313 seconds 
========================================================================
Received Import Request.
  Time since last request: 0.000019 seconds.
  path: Assets/Downloads/Rocks (by Manufactura K4)/Models/Rock2.fbx
  artifactKey: Guid(d11d8096e6b14aa43aa74d862d2d01f7) Importer(2089858483,934ff659095e30574adcf32a4c2f97b5)
Start importing Assets/Downloads/Rocks (by Manufactura K4)/Models/Rock2.fbx using Guid(d11d8096e6b14aa43aa74d862d2d01f7) Importer(2089858483,934ff659095e30574adcf32a4c2f97b5) Generated GUIDs only implemented for interfaces!
 -> (artifact id: 'cfaece1976961ecd2fe5082d5e8d36a4') in 0.006580 seconds 
========================================================================
Received Import Request.
  Time since last request: 0.000016 seconds.
  path: Assets/Scenes/Main.unity
  artifactKey: Guid(7d892a6180e0c6048a680b5d7340099d) Importer(2089858483,934ff659095e30574adcf32a4c2f97b5)
Start importing Assets/Scenes/Main.unity using Guid(7d892a6180e0c6048a680b5d7340099d) Importer(2089858483,934ff659095e30574adcf32a4c2f97b5) Generated GUIDs only implemented for interfaces!
 -> (artifact id: 'e5e22029a9268ca5f98e83fc7331db6e') in 0.005822 seconds 
========================================================================
Received Import Request.
  Time since last request: 0.000013 seconds.
  path: Assets/Downloads/Bushes (by Yughues)/Textures/Bush01_n.tga
  artifactKey: Guid(2f1e681c00689bf429eece67c03d8635) Importer(2089858483,934ff659095e30574adcf32a4c2f97b5)
Start importing Assets/Downloads/Bushes (by Yughues)/Textures/Bush01_n.tga using Guid(2f1e681c00689bf429eece67c03d8635) Importer(2089858483,934ff659095e30574adcf32a4c2f97b5) Generated GUIDs only implemented for interfaces!
 -> (artifact id: 'ec081522e4af4364725f47d406a16299') in 0.014623 seconds 
========================================================================
Received Import Request.
  Time since last request: 0.000016 seconds.
  path: Assets/Downloads/Skybox (by hdrlabs.com)/Arches_E_PineTree_3k.hdr
  artifactKey: Guid(36e7a3c9e2245e74784c2d854134c43c) Importer(2089858483,934ff659095e30574adcf32a4c2f97b5)
Start importing Assets/Downloads/Skybox (by hdrlabs.com)/Arches_E_PineTree_3k.hdr using Guid(36e7a3c9e2245e74784c2d854134c43c) Importer(2089858483,934ff659095e30574adcf32a4c2f97b5) Generated GUIDs only implemented for interfaces!
 -> (artifact id: 'c0a7a0a2ab0fbe4d4179970b48e4de8c') in 0.012860 seconds 
========================================================================
Received Import Request.
  Time since last request: 0.000015 seconds.
  path: Assets/Downloads/Bushes (by Yughues)/Textures/Bush02_d.tga
  artifactKey: Guid(a3d9e13b4dee92740878a1675d480442) Importer(2089858483,934ff659095e30574adcf32a4c2f97b5)
Start importing Assets/Downloads/Bushes (by Yughues)/Textures/Bush02_d.tga using Guid(a3d9e13b4dee92740878a1675d480442) Importer(2089858483,934ff659095e30574adcf32a4c2f97b5) Generated GUIDs only implemented for interfaces!
 -> (artifact id: '30f0ca44e78fcefbcc27b9a793aaa250') in 0.010275 seconds 
========================================================================
Received Import Request.
  Time since last request: 0.000015 seconds.
  path: Assets/Downloads/Rocks (by Manufactura K4)/Textures/Rock2_normals.tif
  artifactKey: Guid(3a821c28b70b2b447ab3e66e3a2229e5) Importer(2089858483,934ff659095e30574adcf32a4c2f97b5)
Start importing Assets/Downloads/Rocks (by Manufactura K4)/Textures/Rock2_normals.tif using Guid(3a821c28b70b2b447ab3e66e3a2229e5) Importer(2089858483,934ff659095e30574adcf32a4c2f97b5) Generated GUIDs only implemented for interfaces!
 -> (artifact id: '44af671510980e1ce0a392016043d821') in 0.013205 seconds 
========================================================================
Received Import Request.
  Time since last request: 0.000018 seconds.
  path: Assets/Downloads/Skybox (by hdrlabs.com)/Arches_E_PineTree_Env.hdr
  artifactKey: Guid(58e6c2247f9b2244ea56cc8be7baab76) Importer(2089858483,934ff659095e30574adcf32a4c2f97b5)
Start importing Assets/Downloads/Skybox (by hdrlabs.com)/Arches_E_PineTree_Env.hdr using Guid(58e6c2247f9b2244ea56cc8be7baab76) Importer(2089858483,934ff659095e30574adcf32a4c2f97b5) Generated GUIDs only implemented for interfaces!
 -> (artifact id: 'ed3088d9901c9a022a7cfa99f40f1b08') in 0.006050 seconds 
========================================================================
Received Import Request.
  Time since last request: 0.000014 seconds.
  path: Assets/Downloads/Textures (by Quixel)/Rock-Albedo.png
  artifactKey: Guid(8cca40daf0a4bb94aacc97b02a20b2ec) Importer(2089858483,934ff659095e30574adcf32a4c2f97b5)
Start importing Assets/Downloads/Textures (by Quixel)/Rock-Albedo.png using Guid(8cca40daf0a4bb94aacc97b02a20b2ec) Importer(2089858483,934ff659095e30574adcf32a4c2f97b5) Generated GUIDs only implemented for interfaces!
 -> (artifact id: '17c4db4342084964107851b1b23b5565') in 0.009591 seconds 
========================================================================
Received Import Request.
  Time since last request: 0.000015 seconds.
  path: Assets/Textures/noise-perlin-rgb.png
  artifactKey: Guid(7226569e62faa04409b0635a18ebd910) Importer(2089858483,934ff659095e30574adcf32a4c2f97b5)
Start importing Assets/Textures/noise-perlin-rgb.png using Guid(7226569e62faa04409b0635a18ebd910) Importer(2089858483,934ff659095e30574adcf32a4c2f97b5) Generated GUIDs only implemented for interfaces!
 -> (artifact id: '28b43718fa92a744d818c604363967c4') in 0.008918 seconds 
========================================================================
Received Import Request.
  Time since last request: 0.000016 seconds.
  path: Assets/Downloads/Textures (by Quixel)/Rock-Normal.png
  artifactKey: Guid(a6c2631f0139d1e46a9c2471f1fbcfb0) Importer(2089858483,934ff659095e30574adcf32a4c2f97b5)
Start importing Assets/Downloads/Textures (by Quixel)/Rock-Normal.png using Guid(a6c2631f0139d1e46a9c2471f1fbcfb0) Importer(2089858483,934ff659095e30574adcf32a4c2f97b5) Generated GUIDs only implemented for interfaces!
 -> (artifact id: 'b5da212ea30cc8978f47176bf7435f00') in 0.008172 seconds 
========================================================================
Received Import Request.
  Time since last request: 0.000017 seconds.
  path: Assets/TwoColorBlinkingShader.shader
  artifactKey: Guid(6225e8d4751417248953b4eaf07c83c0) Importer(2089858483,934ff659095e30574adcf32a4c2f97b5)
Start importing Assets/TwoColorBlinkingShader.shader using Guid(6225e8d4751417248953b4eaf07c83c0) Importer(2089858483,934ff659095e30574adcf32a4c2f97b5) Generated GUIDs only implemented for interfaces!
 -> (artifact id: 'fac9408eca1fba060c499adedfb45b88') in 0.008040 seconds 
========================================================================
Received Import Request.
  Time since last request: 0.000015 seconds.
  path: Assets/Downloads/Textures (by Quixel)/Moss-Albedo.png
  artifactKey: Guid(e1f5ab81c2a934c408a44458e9fccf1a) Importer(2089858483,934ff659095e30574adcf32a4c2f97b5)
Start importing Assets/Downloads/Textures (by Quixel)/Moss-Albedo.png using Guid(e1f5ab81c2a934c408a44458e9fccf1a) Importer(2089858483,934ff659095e30574adcf32a4c2f97b5) Generated GUIDs only implemented for interfaces!
 -> (artifact id: '5923fb9e99787d1cb9913bec8c2006d2') in 0.007639 seconds 
========================================================================
Received Import Request.
  Time since last request: 0.000014 seconds.
  path: Assets/Downloads/Bushes (by Yughues)/Textures/Bush01_d.tga
  artifactKey: Guid(94db8a6f822aa8245ae0a58f78870c2c) Importer(2089858483,934ff659095e30574adcf32a4c2f97b5)
Start importing Assets/Downloads/Bushes (by Yughues)/Textures/Bush01_d.tga using Guid(94db8a6f822aa8245ae0a58f78870c2c) Importer(2089858483,934ff659095e30574adcf32a4c2f97b5) Generated GUIDs only implemented for interfaces!
 -> (artifact id: '159bf8a17d38e55ee587634a9732017a') in 0.006861 seconds 
========================================================================
Received Import Request.
  Time since last request: 0.000016 seconds.
  path: Assets/Downloads/Rocks (by Manufactura K4)/Models/Rock1.fbx
  artifactKey: Guid(dfb9706df9ac8264ebf1e58976096256) Importer(2089858483,934ff659095e30574adcf32a4c2f97b5)
Start importing Assets/Downloads/Rocks (by Manufactura K4)/Models/Rock1.fbx using Guid(dfb9706df9ac8264ebf1e58976096256) Importer(2089858483,934ff659095e30574adcf32a4c2f97b5) Generated GUIDs only implemented for interfaces!
 -> (artifact id: '065d005ee8ed2b74f4c966da3fbc7ef7') in 0.008507 seconds 
========================================================================
Received Import Request.
  Time since last request: 0.000016 seconds.
  path: Assets/Downloads/Bushes (by Yughues)/Textures/Bush03_n.tga
  artifactKey: Guid(13a3162fb7a76b241be49f1756129239) Importer(2089858483,934ff659095e30574adcf32a4c2f97b5)
Start importing Assets/Downloads/Bushes (by Yughues)/Textures/Bush03_n.tga using Guid(13a3162fb7a76b241be49f1756129239) Importer(2089858483,934ff659095e30574adcf32a4c2f97b5) Generated GUIDs only implemented for interfaces!
 -> (artifact id: '0d36d3bee091ea57d6893a74cfb82a39') in 0.007110 seconds 
========================================================================
Received Import Request.
  Time since last request: 0.000022 seconds.
  path: Assets/Textures/Pattern.png
  artifactKey: Guid(b8de3336ff653be4a9793f25dcfa94ed) Importer(2089858483,934ff659095e30574adcf32a4c2f97b5)
Start importing Assets/Textures/Pattern.png using Guid(b8de3336ff653be4a9793f25dcfa94ed) Importer(2089858483,934ff659095e30574adcf32a4c2f97b5) Generated GUIDs only implemented for interfaces!
 -> (artifact id: '9f3e20b8584be8c47f29ef145dcc82dd') in 0.045975 seconds 
========================================================================
Received Import Request.
  Time since last request: 0.000034 seconds.
  path: Assets/Downloads/Bushes (by Yughues)/Textures/Bush05_d.tga
  artifactKey: Guid(e5e8c327df51a9d4f90c9c4feba738cf) Importer(2089858483,934ff659095e30574adcf32a4c2f97b5)
Start importing Assets/Downloads/Bushes (by Yughues)/Textures/Bush05_d.tga using Guid(e5e8c327df51a9d4f90c9c4feba738cf) Importer(2089858483,934ff659095e30574adcf32a4c2f97b5) Generated GUIDs only implemented for interfaces!
 -> (artifact id: 'e41482457ab8bb8b13bbd6d5cce9c9a7') in 0.010100 seconds 
========================================================================
Received Import Request.
  Time since last request: 0.000027 seconds.
  path: Assets/SnowcappedTopsShader.shader
  artifactKey: Guid(9797932aee311ab4bafe42ebf4eda60b) Importer(2089858483,934ff659095e30574adcf32a4c2f97b5)
Start importing Assets/SnowcappedTopsShader.shader using Guid(9797932aee311ab4bafe42ebf4eda60b) Importer(2089858483,934ff659095e30574adcf32a4c2f97b5) Generated GUIDs only implemented for interfaces!
 -> (artifact id: '9773998986ec352bcdfdeec6132fc979') in 0.007437 seconds 
========================================================================
Received Import Request.
  Time since last request: 0.000019 seconds.
  path: Assets/Downloads/Bushes (by Yughues)/Meshes/Bush03.FBX
  artifactKey: Guid(3d529691bc8baa249a469045aae25cf5) Importer(2089858483,934ff659095e30574adcf32a4c2f97b5)
Start importing Assets/Downloads/Bushes (by Yughues)/Meshes/Bush03.FBX using Guid(3d529691bc8baa249a469045aae25cf5) Importer(2089858483,934ff659095e30574adcf32a4c2f97b5) Generated GUIDs only implemented for interfaces!
 -> (artifact id: '7b8ff138ff78f3422d011b64aa5b65b9') in 0.014268 seconds 
========================================================================
Received Import Request.
  Time since last request: 0.000016 seconds.
  path: Assets/Downloads/Bushes (by Yughues)/Textures/Bush05_n.tga
  artifactKey: Guid(f806c4f41a3a09e41a05d701470cc59d) Importer(2089858483,934ff659095e30574adcf32a4c2f97b5)
Start importing Assets/Downloads/Bushes (by Yughues)/Textures/Bush05_n.tga using Guid(f806c4f41a3a09e41a05d701470cc59d) Importer(2089858483,934ff659095e30574adcf32a4c2f97b5) Generated GUIDs only implemented for interfaces!
 -> (artifact id: '2d895566ca38b7b0d075c02a82d5b4b9') in 0.006344 seconds 
========================================================================
Received Import Request.
  Time since last request: 0.000014 seconds.
  path: Assets/Models/plane_tessellated.fbx
  artifactKey: Guid(bcd32b4a800137e4a869dd506c2e8a34) Importer(2089858483,934ff659095e30574adcf32a4c2f97b5)
Start importing Assets/Models/plane_tessellated.fbx using Guid(bcd32b4a800137e4a869dd506c2e8a34) Importer(2089858483,934ff659095e30574adcf32a4c2f97b5) Generated GUIDs only implemented for interfaces!
 -> (artifact id: 'a0c11a1d4cb456c4dae2333d27a7c10b') in 0.008560 seconds 
========================================================================
Received Import Request.
  Time since last request: 0.000018 seconds.
  path: Assets/Downloads/Bushes (by Yughues)/Textures/Bush04_d.tga
  artifactKey: Guid(c9a41128f14763d4eab561ef48c769b4) Importer(2089858483,934ff659095e30574adcf32a4c2f97b5)
Start importing Assets/Downloads/Bushes (by Yughues)/Textures/Bush04_d.tga using Guid(c9a41128f14763d4eab561ef48c769b4) Importer(2089858483,934ff659095e30574adcf32a4c2f97b5) Generated GUIDs only implemented for interfaces!
 -> (artifact id: '98ea15324dfd550227b457687e544517') in 0.007525 seconds 
========================================================================
Received Import Request.
  Time since last request: 0.000016 seconds.
  path: Assets/Textures/healthbar.png
  artifactKey: Guid(bff08d7b52253d546b4b7c8d9315723b) Importer(2089858483,934ff659095e30574adcf32a4c2f97b5)
Start importing Assets/Textures/healthbar.png using Guid(bff08d7b52253d546b4b7c8d9315723b) Importer(2089858483,934ff659095e30574adcf32a4c2f97b5) Generated GUIDs only implemented for interfaces!
 -> (artifact id: '7255098444af59f6298a7ebf8dccc68a') in 0.007461 seconds 
========================================================================
Received Import Request.
  Time since last request: 0.000015 seconds.
  path: Assets/Downloads/Bushes (by Yughues)/Textures/Bush03_d.tga
  artifactKey: Guid(41a43a35ca2c3cf42867fe4f2326da33) Importer(2089858483,934ff659095e30574adcf32a4c2f97b5)
Start importing Assets/Downloads/Bushes (by Yughues)/Textures/Bush03_d.tga using Guid(41a43a35ca2c3cf42867fe4f2326da33) Importer(2089858483,934ff659095e30574adcf32a4c2f97b5) Generated GUIDs only implemented for interfaces!
 -> (artifact id: '6f095629e9d7b50037dd9a0bdf632b0a') in 0.007030 seconds 
========================================================================
Received Import Request.
  Time since last request: 0.000015 seconds.
  path: Assets/Downloads/Rocks (by Manufactura K4)/Textures/Rock4.tif
  artifactKey: Guid(092dca7a8192dd548a017b0eb2af8d4e) Importer(2089858483,934ff659095e30574adcf32a4c2f97b5)
Start importing Assets/Downloads/Rocks (by Manufactura K4)/Textures/Rock4.tif using Guid(092dca7a8192dd548a017b0eb2af8d4e) Importer(2089858483,934ff659095e30574adcf32a4c2f97b5) Generated GUIDs only implemented for interfaces!
 -> (artifact id: '3bbccb6c0ff034228a481ddb52699559') in 0.007159 seconds 
========================================================================
Received Import Request.
  Time since last request: 0.000019 seconds.
  path: Assets/Downloads/Rocks (by Manufactura K4)/Textures/Rock4_normals.tif
  artifactKey: Guid(2a0dc6caeaf9cb64dae4372302735b69) Importer(2089858483,934ff659095e30574adcf32a4c2f97b5)
Start importing Assets/Downloads/Rocks (by Manufactura K4)/Textures/Rock4_normals.tif using Guid(2a0dc6caeaf9cb64dae4372302735b69) Importer(2089858483,934ff659095e30574adcf32a4c2f97b5) Generated GUIDs only implemented for interfaces!
 -> (artifact id: 'ff6427462a7bcf051c787309b13cfda9') in 0.009454 seconds 
========================================================================
Received Import Request.
  Time since last request: 0.000016 seconds.
  path: Assets/Downloads/Rocks (by Manufactura K4)/Textures/Rock1_normals.tif
  artifactKey: Guid(42c12cb55ddd98245a0b2c96121c8a5a) Importer(2089858483,934ff659095e30574adcf32a4c2f97b5)
Start importing Assets/Downloads/Rocks (by Manufactura K4)/Textures/Rock1_normals.tif using Guid(42c12cb55ddd98245a0b2c96121c8a5a) Importer(2089858483,934ff659095e30574adcf32a4c2f97b5) Generated GUIDs only implemented for interfaces!
 -> (artifact id: '739e5b801af647603dfe00f274e4a6f1') in 0.008407 seconds 
Editor requested this worker to shutdown with reason: Scaling down because of idle timeout
AssetImportWorker is now disconnected from the server
Process exiting
Exiting without the bug reporter. Application will terminate with return code 0